2019-04-15 11:08:15.7421|TRACE|Asplego.Controllers.UsersController|get all users |url: |action: 
2019-04-15 11:08:20.8518|TRACE|Asplego.Controllers.UsersController|get all users |url: |action: 
2019-04-15 11:08:21.0538|TRACE|Asplego.Controllers.UsersController|get all users |url: |action: 
2019-04-15 11:08:28.4832|TRACE|Asplego.Controllers.UsersController|get all users |url: |action: 
2019-04-15 11:08:43.5094|TRACE|Asplego.Controllers.UsersController|get all users |url: |action: 
2019-04-15 11:09:18.2172|TRACE|Asplego.Controllers.UsersController|get all users |url: |action: 
2019-04-15 11:09:44.4410|TRACE|Asplego.Controllers.UsersController|get all users |url: |action: 
2019-04-15 11:09:44.7619|TRACE|Asplego.Controllers.UsersController|search whether users is in db |url: |action: 
2019-04-15 11:09:45.3041|TRACE|Asplego.Controllers.UsersController|search whether users is in db |url: |action: 
2019-04-15 11:17:46.2224|TRACE|Asplego.Controllers.UsersController|get all users |url: |action: 
2019-04-15 11:23:21.3682|TRACE|Asplego.Controllers.UsersController|get all users |url: |action: 
2019-04-15 11:24:09.1352|TRACE|Asplego.Controllers.UsersController|get all users |url: |action: 
2019-04-15 11:25:48.2640|TRACE|Asplego.Controllers.UsersController|get all users |url: |action: 
2019-04-15 11:25:49.0168|TRACE|Asplego.Controllers.UsersController|search whether users is in db |url: |action: 
2019-04-15 11:26:31.9746|TRACE|Asplego.Controllers.UsersController|get all users |url: |action: 
2019-04-15 11:26:33.5357|TRACE|Asplego.Controllers.UsersController|get all users |url: |action: 
2019-04-15 11:26:43.2033|TRACE|Asplego.Controllers.UsersController|get all users |url: |action: 
2019-04-15 11:26:44.4769|TRACE|Asplego.Controllers.UsersController|get all users |url: |action: 
2019-04-15 11:40:44.7414|TRACE|Asplego.Controllers.UsersController|get all users |url: |action: 
2019-04-15 11:41:14.2460|TRACE|Asplego.Controllers.UsersController|get all users |url: |action: 
2019-04-15 11:42:15.3654|TRACE|Asplego.Controllers.UsersController|get all users |url: |action: 
2019-04-15 11:42:18.0595|TRACE|Asplego.Controllers.UsersController|get all users |url: |action: 
2019-04-15 11:42:21.5011|TRACE|Asplego.Controllers.UsersController|get all users |url: |action: 
2019-04-15 11:42:22.6753|TRACE|Asplego.Controllers.UsersController|get all users |url: |action: 
2019-04-15 11:42:55.1437|TRACE|Asplego.Controllers.UsersController|get all users |url: |action: 
2019-04-15 11:42:56.8515|TRACE|Asplego.Controllers.UsersController|get all users |url: |action: 
2019-04-15 11:42:59.7710|TRACE|Asplego.Controllers.UsersController|get all users |url: |action: 
2019-04-15 11:43:01.6111|TRACE|Asplego.Controllers.UsersController|get all users |url: |action: 
2019-04-15 11:43:02.9969|TRACE|Asplego.Controllers.UsersController|get all users |url: |action: 
2019-04-15 11:43:04.8312|TRACE|Asplego.Controllers.UsersController|get all users |url: |action: 
2019-04-15 11:43:12.8155|TRACE|Asplego.Controllers.UsersController|get all users |url: |action: 
2019-04-15 11:44:07.7530|TRACE|Asplego.Controllers.UsersController|get all users |url: |action: 
2019-04-15 11:44:27.5624|TRACE|Asplego.Controllers.UsersController|get all users |url: |action: 
2019-04-15 11:45:29.7252|TRACE|Asplego.Controllers.UsersController|get all users |url: |action: 
2019-04-15 11:45:31.4916|TRACE|Asplego.Controllers.UsersController|get all users |url: |action: 
2019-04-15 11:45:32.7302|TRACE|Asplego.Controllers.UsersController|get all users |url: |action: 
2019-04-15 11:46:01.6985|TRACE|Asplego.Controllers.UsersController|get all users |url: |action: 
2019-04-15 11:46:03.1385|TRACE|Asplego.Controllers.UsersController|get all users |url: |action: 
2019-04-15 11:46:13.5230|TRACE|Asplego.Controllers.UsersController|get all users |url: |action: 
2019-04-15 11:46:16.0388|TRACE|Asplego.Controllers.UsersController|get all users |url: |action: 
2019-04-15 11:46:23.9240|TRACE|Asplego.Controllers.UsersController|get all users |url: |action: 
2019-04-15 11:46:25.4562|TRACE|Asplego.Controllers.UsersController|get all users |url: |action: 
2019-04-15 11:47:34.0400|TRACE|Asplego.Controllers.UsersController|get all users |url: |action: 
2019-04-15 11:47:35.7724|TRACE|Asplego.Controllers.UsersController|get all users |url: |action: 
2019-04-15 11:47:52.1211|TRACE|Asplego.Controllers.UsersController|get all users |url: |action: 
2019-04-15 11:47:53.4218|TRACE|Asplego.Controllers.UsersController|get all users |url: |action: 
2019-04-15 11:48:15.9002|TRACE|Asplego.Controllers.UsersController|get all users |url: |action: 
2019-04-15 11:48:17.6580|TRACE|Asplego.Controllers.UsersController|get all users |url: |action: 
2019-04-15 11:48:28.7140|TRACE|Asplego.Controllers.UsersController|get all users |url: |action: 
2019-04-15 11:48:30.7845|TRACE|Asplego.Controllers.UsersController|get all users |url: |action: 
2019-04-15 11:48:44.7583|TRACE|Asplego.Controllers.UsersController|get all users |url: |action: 
2019-04-15 11:48:47.0378|TRACE|Asplego.Controllers.UsersController|get all users |url: |action: 
2019-04-15 11:48:48.0826|TRACE|Asplego.Controllers.UsersController|get all users |url: |action: 
2019-04-15 11:48:49.1607|TRACE|Asplego.Controllers.UsersController|get all users |url: |action: 
2019-04-15 11:49:37.3898|TRACE|Asplego.Controllers.UsersController|get all users |url: |action: 
2019-04-15 11:51:46.5423|TRACE|Asplego.Controllers.UsersController|get all users |url: |action: 
2019-04-15 11:53:19.5764|TRACE|Asplego.Controllers.UsersController|get all users |url: |action: 
2019-04-15 11:57:40.9975|TRACE|Asplego.Controllers.UsersController|get all users |url: |action: 
2019-04-15 12:15:26.7097|TRACE|Asplego.Controllers.UsersController|get all users |url: |action: 
2019-04-15 17:09:03.1778|TRACE|Asplego.Controllers.PaymentsController|get all Payments |url: |action: 
2019-04-15 17:09:09.2649|TRACE|Asplego.Controllers.PaymentsController|get all Payments |url: |action: 
2019-04-15 17:09:10.2349|TRACE|Asplego.Controllers.PaymentsController|get all Payments |url: |action: 
2019-04-15 17:09:38.3659|TRACE|Asplego.Controllers.UsersController|get all users |url: |action: 
2019-04-15 17:09:38.4645|TRACE|Asplego.Controllers.UsersController|get all users |url: |action: 
2019-04-15 17:09:44.0908|TRACE|Asplego.Controllers.UsersController|get all users |url: |action: 
2019-04-15 17:09:46.2487|TRACE|Asplego.Controllers.UsersController|get all users |url: |action: 
2019-04-15 17:09:49.8816|TRACE|Asplego.Controllers.UsersController|search whether users is in db |url: |action: 
2019-04-15 17:29:18.4770|TRACE|Asplego.Controllers.UsersController|get all users |url: |action: 
2019-04-15 17:29:32.6503|TRACE|Asplego.Controllers.UsersController|get all users |url: |action: 
2019-04-15 17:29:40.6555|TRACE|Asplego.Controllers.UsersController|get all users |url: |action: 
2019-04-15 17:29:46.5783|TRACE|Asplego.Controllers.UsersController|get all users |url: |action: 
2019-04-15 17:29:47.0009|TRACE|Asplego.Controllers.PaymentsController|get all Payments |url: |action: 
2019-04-15 17:29:48.5821|TRACE|Asplego.Controllers.PaymentsController|get all Payments |url: |action: 
2019-04-15 17:29:51.8286|TRACE|Asplego.Controllers.PaymentsController|get all Payments |url: |action: 
2019-04-15 17:29:53.0426|TRACE|Asplego.Controllers.UsersController|get all users |url: |action: 
2019-04-15 17:30:00.3452|TRACE|Asplego.Controllers.UsersController|get all users |url: |action: 
2019-04-15 17:30:33.6535|TRACE|Asplego.Controllers.UserOdersController|get all orders |url: |action: 
2019-04-15 19:19:34.1174|TRACE|Asplego.Controllers.UsersController|get all users |url: |action: 
2019-04-15 19:24:15.0987|TRACE|Asplego.Controllers.UsersController|get all users |url: |action: 
2019-04-15 19:24:15.8908|TRACE|Asplego.Controllers.UsersController|get all users |url: |action: 
2019-04-15 19:37:10.1980|TRACE|Asplego.Controllers.UsersController|get all users |url: |action: 
2019-04-15 19:37:57.1346|TRACE|Asplego.Controllers.UsersController|get all users |url: |action: 
2019-04-15 19:40:40.5211|TRACE|Asplego.Controllers.UsersController|get all users |url: |action: 
2019-04-15 19:51:44.5818|TRACE|Asplego.Controllers.UsersController|get all users |url: |action: 
2019-04-15 20:11:02.3665|TRACE|Asplego.Controllers.UsersController|get all users |url: |action: 
2019-04-15 20:25:22.5063|TRACE|Asplego.Controllers.UsersController|get all users |url: |action: 
2019-04-15 21:19:55.0071|TRACE|Asplego.Controllers.UsersController|get all users |url: |action: 
2019-04-15 21:21:34.5082|TRACE|Asplego.Controllers.UsersController|get all users |url: |action: 
2019-04-15 21:44:44.8808|TRACE|Asplego.Controllers.UsersController|get all users |url: |action: 
2019-04-15 21:45:40.7233|TRACE|Asplego.Controllers.UsersController|get all users |url: |action: 
2019-04-15 21:48:13.9694|TRACE|Asplego.Controllers.UsersController|get all users |url: |action: 
2019-04-15 21:48:55.2568|TRACE|Asplego.Controllers.UsersController|get all users |url: |action: 
2019-04-15 21:53:32.0401|TRACE|Asplego.Controllers.UsersController|get all users |url: |action: 
2019-04-15 21:55:26.9331|TRACE|Asplego.Controllers.UsersController|get all users |url: |action: 
2019-04-15 21:56:10.5923|TRACE|Asplego.Controllers.UsersController|get all users |url: |action: 
2019-04-15 21:57:58.1013|TRACE|Asplego.Controllers.UsersController|get all users |url: |action: 
2019-04-15 21:58:19.6394|TRACE|Asplego.Controllers.UsersController|get all users |url: |action: 
2019-04-15 22:00:11.5376|TRACE|Asplego.Controllers.UsersController|get all users |url: |action: 
2019-04-15 22:03:08.8801|TRACE|Asplego.Controllers.UsersController|get all users |url: |action: 
2019-04-15 22:06:12.5913|TRACE|Asplego.Controllers.UsersController|get all users |url: |action: 
2019-04-15 22:08:26.7641|TRACE|Asplego.Controllers.UsersController|get all users |url: |action: 
2019-04-15 22:10:00.2536|TRACE|Asplego.Controllers.UsersController|get all users |url: |action: 
2019-04-15 22:10:38.6375|TRACE|Asplego.Controllers.PaymentsController|add new payment |url: |action: 
2019-04-15 22:12:46.0008|TRACE|Asplego.Controllers.UsersController|get all users |url: |action: 
2019-04-15 22:13:06.0342|TRACE|Asplego.Controllers.PaymentsController|add new payment |url: |action: 
2019-04-15 22:14:30.8077|TRACE|Asplego.Controllers.UsersController|get all users |url: |action: 
2019-04-15 22:15:35.2102|TRACE|Asplego.Controllers.PaymentsController|add new payment |url: |action: 
2019-04-15 22:15:42.9112|TRACE|Asplego.Controllers.UserOdersController|get all orders |url: |action: 
2019-04-15 22:15:44.1043|TRACE|Asplego.Controllers.UserOdersController|get all orders |url: |action: 
2019-04-15 22:16:42.6375|TRACE|Asplego.Controllers.UserOdersController|get all orders |url: |action: 
2019-04-15 22:17:17.2042|TRACE|Asplego.Controllers.UserOdersController|get all orders |url: |action: 
2019-04-15 22:17:19.2756|TRACE|Asplego.Controllers.UserOdersController|get all orders |url: |action: 
2019-04-15 22:17:20.6820|TRACE|Asplego.Controllers.UserOdersController|get all orders |url: |action: 
2019-04-15 22:17:59.7431|TRACE|Asplego.Controllers.UserOdersController|get all orders |url: |action: 
2019-04-15 22:18:54.1766|TRACE|Asplego.Controllers.UserOdersController|get all orders |url: |action: 
2019-04-15 22:20:22.5592|TRACE|Asplego.Controllers.UserOdersController|get all orders |url: |action: 
2019-04-15 22:20:55.1036|TRACE|Asplego.Controllers.UserOdersController|get all orders |url: |action: 
2019-04-15 22:21:05.2768|TRACE|Asplego.Controllers.UserOdersController|get all orders |url: |action: 
2019-04-15 22:21:08.0774|TRACE|Asplego.Controllers.UsersController|get all users |url: |action: 
2019-04-15 22:21:08.1487|TRACE|Asplego.Controllers.UsersController|get all users |url: |action: 
2019-04-15 22:21:08.6813|TRACE|Asplego.Controllers.UsersController|get all users |url: |action: 
2019-04-15 22:21:42.8829|TRACE|Asplego.Controllers.UsersController|get all users |url: |action: 
2019-04-15 22:21:43.4685|TRACE|Asplego.Controllers.UsersController|get all users |url: |action: 
2019-04-15 22:21:43.6547|TRACE|Asplego.Controllers.UsersController|get all users |url: |action: 
2019-04-15 22:21:48.4287|TRACE|Asplego.Controllers.UsersController|get all users |url: |action: 
2019-04-15 22:21:58.7319|TRACE|Asplego.Controllers.UsersController|get all users |url: |action: 
2019-04-15 22:21:59.7336|TRACE|Asplego.Controllers.UserOdersController|get all orders |url: |action: 
2019-04-15 22:22:00.7628|TRACE|Asplego.Controllers.UserOdersController|get all orders |url: |action: 
2019-04-15 22:22:02.2046|TRACE|Asplego.Controllers.UserOdersController|get all orders |url: |action: 
2019-04-15 22:22:24.4286|TRACE|Asplego.Controllers.UsersController|get all users |url: |action: 
2019-04-15 22:22:33.9365|TRACE|Asplego.Controllers.UserOdersController|get all orders |url: |action: 
2019-04-15 22:22:35.2434|TRACE|Asplego.Controllers.UsersController|get all users |url: |action: 
2019-04-15 22:24:59.6420|TRACE|Asplego.Controllers.PaymentsController|add new payment |url: |action: 
2019-04-15 22:25:00.0054|TRACE|Asplego.Controllers.UserOdersController|get all orders |url: |action: 
2019-04-15 22:25:00.0491|TRACE|Asplego.Controllers.UserOdersController|get all orders |url: |action: 
2019-04-15 22:26:35.8240|TRACE|Asplego.Controllers.UsersController|get all users |url: |action: 
2019-04-15 22:26:36.7104|TRACE|Asplego.Controllers.UsersController|get all users |url: |action: 
2019-04-15 22:26:37.3153|TRACE|Asplego.Controllers.UserOdersController|get all orders |url: |action: 
2019-04-15 22:26:38.7229|TRACE|Asplego.Controllers.UserOdersController|get all orders |url: |action: 
2019-04-15 22:26:50.0441|TRACE|Asplego.Controllers.UsersController|get all users |url: |action: 
2019-04-15 22:28:35.6798|TRACE|Asplego.Controllers.PaymentsController|add new payment |url: |action: 
2019-04-15 22:30:13.7523|TRACE|Asplego.Controllers.UserOrdersController|get all orders |url: |action: 
2019-04-15 22:30:14.3022|TRACE|Asplego.Controllers.UserOrdersController|get all orders |url: |action: 
2019-04-15 22:30:14.9826|TRACE|Asplego.Controllers.UserOrdersController|get all orders |url: |action: 
2019-04-15 22:31:08.9359|TRACE|Asplego.Controllers.UsersController|get all users |url: |action: 
2019-04-15 22:31:48.4647|TRACE|Asplego.Controllers.PaymentsController|add new payment |url: |action: 
2019-04-15 22:33:32.0963|TRACE|Asplego.Controllers.UserOrdersController|get all orders |url: |action: 
2019-04-15 22:33:33.2057|TRACE|Asplego.Controllers.UserOrdersController|get all orders |url: |action: 
2019-04-15 22:33:33.2695|TRACE|Asplego.Controllers.UserOrdersController|get all orders |url: |action: 
2019-04-15 22:34:09.1364|TRACE|Asplego.Controllers.PaymentsController|add new payment |url: |action: 
2019-04-15 22:38:16.7479|TRACE|Asplego.Controllers.UserOrdersController|get all orders |url: |action: 
2019-04-15 22:38:49.6307|TRACE|Asplego.Controllers.UserOrdersController|search order in db |url: |action: 
2019-04-15 22:45:07.8133|TRACE|Asplego.Controllers.UserOrdersController|get all orders |url: |action: 
2019-04-15 22:45:09.0258|TRACE|Asplego.Controllers.UserOrdersController|get all orders |url: |action: 
2019-04-15 22:45:10.1957|TRACE|Asplego.Controllers.UsersController|get all users |url: |action: 
2019-04-15 22:45:13.4312|TRACE|Asplego.Controllers.UserOrdersController|get all orders |url: |action: 
2019-04-15 22:45:41.1880|TRACE|Asplego.Controllers.UserOrdersController|get all orders |url: |action: 
2019-04-15 22:45:41.4340|TRACE|Asplego.Controllers.UserOrdersController|get all orders |url: |action: 
2019-04-15 22:45:46.7636|TRACE|Asplego.Controllers.UserOrdersController|get all orders |url: |action: 
2019-04-15 22:45:47.0579|TRACE|Asplego.Controllers.UserOrdersController|get all orders |url: |action: 
2019-04-15 22:46:14.6923|TRACE|Asplego.Controllers.PaymentsController|add new payment |url: |action: 
2019-04-15 22:47:03.4895|TRACE|Asplego.Controllers.PaymentsController|add new payment |url: |action: 
2019-04-15 22:51:51.4014|TRACE|Asplego.Controllers.PaymentsController|add new payment |url: |action: 
2019-04-15 22:52:30.1971|TRACE|Asplego.Controllers.PaymentsController|add new payment |url: |action: 
2019-04-15 22:54:08.6932|TRACE|Asplego.Controllers.PaymentsController|add new payment |url: |action: 
2019-04-15 22:55:31.5060|TRACE|Asplego.Controllers.PaymentsController|add new payment |url: |action: 
2019-04-15 22:57:01.6566|TRACE|Asplego.Controllers.PaymentsController|add new payment |url: |action: 
2019-04-15 22:57:03.1267|TRACE|Asplego.Controllers.PaymentsController|add new payment |url: |action: 
2019-04-15 22:57:04.2157|TRACE|Asplego.Controllers.PaymentsController|add new payment |url: |action: 
2019-04-15 23:01:31.8108|TRACE|Asplego.Controllers.UsersController|get all users |url: |action: 
2019-04-15 23:01:53.3191|TRACE|Asplego.Controllers.UserOrdersController|get all orders |url: |action: 
2019-04-15 23:03:34.6507|TRACE|Asplego.Controllers.UsersController|get all users |url: |action: 
2019-04-15 23:03:36.4319|TRACE|Asplego.Controllers.UserorderController|get all Payments |url: |action: 
2019-04-15 23:03:38.3246|TRACE|Asplego.Controllers.UserOrdersController|get all orders |url: |action: 
2019-04-15 23:03:41.7332|TRACE|Asplego.Controllers.UserorderController|get all Payments |url: |action: 
2019-04-15 23:03:42.6329|TRACE|Asplego.Controllers.UserorderController|get all Payments |url: |action: 
2019-04-15 23:04:50.2221|TRACE|Asplego.Controllers.PaymentsController|add new payment |url: |action: 
2019-04-15 23:08:15.3412|TRACE|Asplego.Controllers.UsersController|get all users |url: |action: 
2019-04-15 23:08:15.4755|TRACE|Asplego.Controllers.UserorderController|get all Payments |url: |action: 
2019-04-15 23:08:16.3401|TRACE|Asplego.Controllers.UserorderController|get all Payments |url: |action: 
2019-04-15 23:08:28.8116|TRACE|Asplego.Controllers.PaymentsController|add new payment |url: |action: 
2019-04-15 23:14:09.2159|TRACE|Asplego.Controllers.PaymentsController|add new payment |url: |action: 
2019-04-15 23:14:57.3781|TRACE|Asplego.Controllers.PaymentsController|add new payment |url: |action: 
2019-04-15 23:33:52.2427|TRACE|Asplego.Controllers.PaymentsController|add new payment |url: |action: 
2019-04-15 23:33:52.2427|TRACE|Asplego.Controllers.PaymentsController|add new payment |url: |action: 
2019-04-15 23:33:52.2427|TRACE|Asplego.Controllers.PaymentsController|add new payment |url: |action: 
2019-04-15 23:33:52.2427|TRACE|Asplego.Controllers.PaymentsController|add new payment |url: |action: 
2019-04-15 23:33:52.5115|TRACE|Asplego.Controllers.PaymentsController|add new payment |url: |action: 
2019-04-15 23:33:52.6481|TRACE|Asplego.Controllers.UserorderController|get all Payments |url: |action: 
2019-04-15 23:33:52.6513|TRACE|Asplego.Controllers.UsersController|get all users |url: |action: 
